[17:44:35] GAME: Log system initialized...
[17:44:35] GAME: After assignments, all_pieces.size():
[17:44:35] GAME: 1
[17:44:35] GAME: End Load...
[17:44:35] GAME: After assignments, all_pieces.size():
[17:44:35] GAME: 2
[17:44:35] GAME: End Load...
[17:44:35] GAME: After assignments, all_pieces.size():
[17:44:35] GAME: 3
[17:44:35] GAME: End Load...
[17:44:35] GAME: After assignments, all_pieces.size():
[17:44:35] GAME: 4
[17:44:35] GAME: End Load...
[17:44:35] GAME: After assignments, all_pieces.size():
[17:44:35] GAME: 5
[17:44:35] GAME: End Load...
[17:44:35] GAME: After assignments, all_pieces.size():
[17:44:35] GAME: 6
[17:44:35] GAME: End Load...
[17:44:35] GAME: After assignments, all_pieces.size():
[17:44:35] GAME: 7
[17:44:35] GAME: End Load...
[17:44:35] GAME: Create Piece...

[17:44:35] GAME: 7
[17:44:35] GAME: 0
[17:44:35] GAME: Found piece with id: 0 block name is:Ishape

[17:44:35] GAME: Create Piece...

[17:44:35] GAME: 7
[17:44:35] GAME: 0
[17:44:35] GAME: 1
[17:44:35] GAME: 2
[17:44:35] GAME: 3
[17:44:35] GAME: 4
[17:44:35] GAME: Found piece with id: 4 block name is:Jshape

[17:44:41] GAME: Create Piece...

[17:44:41] GAME: 7
[17:44:41] GAME: 0
[17:44:41] GAME: 1
[17:44:41] GAME: Found piece with id: 1 block name is:Oshape

[17:44:44] GAME: Create Piece...

[17:44:44] GAME: 7
[17:44:44] GAME: 0
[17:44:44] GAME: 1
[17:44:44] GAME: 2
[17:44:44] GAME: 3
[17:44:44] GAME: Found piece with id: 3 block name is:Lshape

[17:44:49] GAME: Create Piece...

[17:44:49] GAME: 7
[17:44:49] GAME: 0
[17:44:49] GAME: 1
[17:44:49] GAME: 2
[17:44:49] GAME: Found piece with id: 2 block name is:Tshape

[17:44:52] GAME: Create Piece...

[17:44:52] GAME: 7
[17:44:52] GAME: 0
[17:44:52] GAME: 1
[17:44:52] GAME: 2
[17:44:52] GAME: 3
[17:44:52] GAME: Found piece with id: 3 block name is:Lshape

[17:45:01] GAME: Create Piece...

[17:45:01] GAME: 7
[17:45:01] GAME: 0
[17:45:01] GAME: 1
[17:45:01] GAME: 2
[17:45:01] GAME: 3
[17:45:01] GAME: 4
[17:45:01] GAME: Found piece with id: 4 block name is:Jshape

[17:45:46] GAME: Log system initialized...
[17:45:46] GAME: After assignments, all_pieces.size():
[17:45:46] GAME: 1
[17:45:46] GAME: End Load...
[17:45:46] GAME: After assignments, all_pieces.size():
[17:45:46] GAME: 2
[17:45:46] GAME: End Load...
[17:45:46] GAME: After assignments, all_pieces.size():
[17:45:46] GAME: 3
[17:45:46] GAME: End Load...
[17:45:46] GAME: After assignments, all_pieces.size():
[17:45:46] GAME: 4
[17:45:46] GAME: End Load...
[17:45:46] GAME: After assignments, all_pieces.size():
[17:45:46] GAME: 5
[17:45:46] GAME: End Load...
[17:45:46] GAME: After assignments, all_pieces.size():
[17:45:46] GAME: 6
[17:45:46] GAME: End Load...
[17:45:46] GAME: After assignments, all_pieces.size():
[17:45:46] GAME: 7
[17:45:46] GAME: End Load...
[17:45:46] GAME: Create Piece...

[17:45:46] GAME: 7
[17:45:46] GAME: 0
[17:45:46] GAME: 1
[17:45:46] GAME: 2
[17:45:46] GAME: 3
[17:45:46] GAME: Found piece with id: 3 block name is:Lshape

[17:45:47] GAME: Create Piece...

[17:45:47] GAME: 7
[17:45:47] GAME: 0
[17:45:47] GAME: 1
[17:45:47] GAME: 2
[17:45:47] GAME: 3
[17:45:47] GAME: Found piece with id: 3 block name is:Lshape

[17:45:56] GAME: Log system initialized...
[17:45:56] GAME: After assignments, all_pieces.size():
[17:45:56] GAME: 1
[17:45:56] GAME: End Load...
[17:45:56] GAME: After assignments, all_pieces.size():
[17:45:56] GAME: 2
[17:45:56] GAME: End Load...
[17:45:56] GAME: After assignments, all_pieces.size():
[17:45:56] GAME: 3
[17:45:56] GAME: End Load...
[17:45:56] GAME: After assignments, all_pieces.size():
[17:45:56] GAME: 4
[17:45:56] GAME: End Load...
[17:45:56] GAME: After assignments, all_pieces.size():
[17:45:56] GAME: 5
[17:45:56] GAME: End Load...
[17:45:56] GAME: After assignments, all_pieces.size():
[17:45:56] GAME: 6
[17:45:56] GAME: End Load...
[17:45:56] GAME: After assignments, all_pieces.size():
[17:45:56] GAME: 7
[17:45:56] GAME: End Load...
[17:45:56] GAME: Create Piece...

[17:45:56] GAME: 7
[17:45:56] GAME: 0
[17:45:56] GAME: 1
[17:45:56] GAME: 2
[17:45:56] GAME: 3
[17:45:56] GAME: 4
[17:45:56] GAME: 5
[17:45:56] GAME: Found piece with id: 5 block name is:Zshape

[17:45:56] GAME: Create Piece...

[17:45:56] GAME: 7
[17:45:56] GAME: 0
[17:45:56] GAME: 1
[17:45:56] GAME: 2
[17:45:56] GAME: 3
[17:45:56] GAME: 4
[17:45:56] GAME: 5
[17:45:56] GAME: 6
[17:45:56] GAME: Found piece with id: 6 block name is:Sshape

